  LEDBlink.c
  system_stm32f10x.c
  misc.c
  stm32f10x_adc.c
  stm32f10x_bkp.c
  stm32f10x_can.c
  stm32f10x_cec.c
  stm32f10x_crc.c
  stm32f10x_dac.c
  stm32f10x_dbgmcu.c
  stm32f10x_dma.c
  stm32f10x_exti.c
  stm32f10x_flash.c
  stm32f10x_fsmc.c
  stm32f10x_gpio.c
  stm32f10x_i2c.c
  stm32f10x_iwdg.c
  stm32f10x_pwr.c
  stm32f10x_rcc.c
  stm32f10x_rtc.c
  stm32f10x_sdio.c
  stm32f10x_spi.c
  stm32f10x_tim.c
  stm32f10x_usart.c
  stm32f10x_wwdg.c
  core_cm3.c
  startup_stm32f103xe.c
  Linking ../VisualGDB/Debug/温控SRTP...
  C:\SysGCC\arm-eabi\bin\arm-eabi-objcopy.exe: 'D:/STM32 project/温控SRTP/VisualGDB/Debug/温控SRTP': No such file
C:\Program Files (x86)\Sysprogs\VisualGDB\MSBuild\Targets\embedded.targets(10,2): error : Build failed: arm-eabi-objcopy.exe exited with code 1
