d:\stm32 project\温控srtp\visualgdb\debug\娓╂帶srtp
d:\stm32 project\温控srtp\visualgdb\debug\温控srtp.link.rsp
d:\stm32 project\温控srtp\visualgdb\debug\温控srtp.mkbin.rsp
d:\stm32 project\温控srtp\温控srtp\visualgdb\debug\core_cm3.o
d:\stm32 project\温控srtp\温控srtp\visualgdb\debug\ledblink.o
d:\stm32 project\温控srtp\温控srtp\visualgdb\debug\misc.o
d:\stm32 project\温控srtp\温控srtp\visualgdb\debug\startup_stm32f103xb.o
d:\stm32 project\温控srtp\温控srtp\visualgdb\debug\stm32f10x_adc.o
d:\stm32 project\温控srtp\温控srtp\visualgdb\debug\stm32f10x_bkp.o
d:\stm32 project\温控srtp\温控srtp\visualgdb\debug\stm32f10x_can.o
d:\stm32 project\温控srtp\温控srtp\visualgdb\debug\stm32f10x_cec.o
d:\stm32 project\温控srtp\温控srtp\visualgdb\debug\stm32f10x_crc.o
d:\stm32 project\温控srtp\温控srtp\visualgdb\debug\stm32f10x_dac.o
d:\stm32 project\温控srtp\温控srtp\visualgdb\debug\stm32f10x_dbgmcu.o
d:\stm32 project\温控srtp\温控srtp\visualgdb\debug\stm32f10x_dma.o
d:\stm32 project\温控srtp\温控srtp\visualgdb\debug\stm32f10x_exti.o
d:\stm32 project\温控srtp\温控srtp\visualgdb\debug\stm32f10x_flash.o
d:\stm32 project\温控srtp\温控srtp\visualgdb\debug\stm32f10x_fsmc.o
d:\stm32 project\温控srtp\温控srtp\visualgdb\debug\stm32f10x_gpio.o
d:\stm32 project\温控srtp\温控srtp\visualgdb\debug\stm32f10x_i2c.o
d:\stm32 project\温控srtp\温控srtp\visualgdb\debug\stm32f10x_iwdg.o
d:\stm32 project\温控srtp\温控srtp\visualgdb\debug\stm32f10x_pwr.o
d:\stm32 project\温控srtp\温控srtp\visualgdb\debug\stm32f10x_rcc.o
d:\stm32 project\温控srtp\温控srtp\visualgdb\debug\stm32f10x_rtc.o
d:\stm32 project\温控srtp\温控srtp\visualgdb\debug\stm32f10x_sdio.o
d:\stm32 project\温控srtp\温控srtp\visualgdb\debug\stm32f10x_spi.o
d:\stm32 project\温控srtp\温控srtp\visualgdb\debug\stm32f10x_tim.o
d:\stm32 project\温控srtp\温控srtp\visualgdb\debug\stm32f10x_usart.o
d:\stm32 project\温控srtp\温控srtp\visualgdb\debug\stm32f10x_wwdg.o
d:\stm32 project\温控srtp\温控srtp\visualgdb\debug\system_stm32f10x.o
d:\stm32 project\温控srtp\温控srtp\visualgdb\debug\core_cm3.dep
d:\stm32 project\温控srtp\温控srtp\visualgdb\debug\ledblink.dep
d:\stm32 project\温控srtp\温控srtp\visualgdb\debug\misc.dep
d:\stm32 project\温控srtp\温控srtp\visualgdb\debug\startup_stm32f103xb.dep
d:\stm32 project\温控srtp\温控srtp\visualgdb\debug\stm32f10x_adc.dep
d:\stm32 project\温控srtp\温控srtp\visualgdb\debug\stm32f10x_bkp.dep
d:\stm32 project\温控srtp\温控srtp\visualgdb\debug\stm32f10x_can.dep
d:\stm32 project\温控srtp\温控srtp\visualgdb\debug\stm32f10x_cec.dep
d:\stm32 project\温控srtp\温控srtp\visualgdb\debug\stm32f10x_crc.dep
d:\stm32 project\温控srtp\温控srtp\visualgdb\debug\stm32f10x_dac.dep
d:\stm32 project\温控srtp\温控srtp\visualgdb\debug\stm32f10x_dbgmcu.dep
d:\stm32 project\温控srtp\温控srtp\visualgdb\debug\stm32f10x_dma.dep
d:\stm32 project\温控srtp\温控srtp\visualgdb\debug\stm32f10x_exti.dep
d:\stm32 project\温控srtp\温控srtp\visualgdb\debug\stm32f10x_flash.dep
d:\stm32 project\温控srtp\温控srtp\visualgdb\debug\stm32f10x_fsmc.dep
d:\stm32 project\温控srtp\温控srtp\visualgdb\debug\stm32f10x_gpio.dep
d:\stm32 project\温控srtp\温控srtp\visualgdb\debug\stm32f10x_i2c.dep
d:\stm32 project\温控srtp\温控srtp\visualgdb\debug\stm32f10x_iwdg.dep
d:\stm32 project\温控srtp\温控srtp\visualgdb\debug\stm32f10x_pwr.dep
d:\stm32 project\温控srtp\温控srtp\visualgdb\debug\stm32f10x_rcc.dep
d:\stm32 project\温控srtp\温控srtp\visualgdb\debug\stm32f10x_rtc.dep
d:\stm32 project\温控srtp\温控srtp\visualgdb\debug\stm32f10x_sdio.dep
d:\stm32 project\温控srtp\温控srtp\visualgdb\debug\stm32f10x_spi.dep
d:\stm32 project\温控srtp\温控srtp\visualgdb\debug\stm32f10x_tim.dep
d:\stm32 project\温控srtp\温控srtp\visualgdb\debug\stm32f10x_usart.dep
d:\stm32 project\温控srtp\温控srtp\visualgdb\debug\stm32f10x_wwdg.dep
d:\stm32 project\温控srtp\温控srtp\visualgdb\debug\system_stm32f10x.dep
d:\stm32 project\温控srtp\温控srtp\visualgdb\debug\core_cm3.gcc.rsp
d:\stm32 project\温控srtp\温控srtp\visualgdb\debug\ledblink.gcc.rsp
d:\stm32 project\温控srtp\温控srtp\visualgdb\debug\misc.gcc.rsp
d:\stm32 project\温控srtp\温控srtp\visualgdb\debug\startup_stm32f103xb.gcc.rsp
d:\stm32 project\温控srtp\温控srtp\visualgdb\debug\stm32f10x_adc.gcc.rsp
d:\stm32 project\温控srtp\温控srtp\visualgdb\debug\stm32f10x_bkp.gcc.rsp
d:\stm32 project\温控srtp\温控srtp\visualgdb\debug\stm32f10x_can.gcc.rsp
d:\stm32 project\温控srtp\温控srtp\visualgdb\debug\stm32f10x_cec.gcc.rsp
d:\stm32 project\温控srtp\温控srtp\visualgdb\debug\stm32f10x_crc.gcc.rsp
d:\stm32 project\温控srtp\温控srtp\visualgdb\debug\stm32f10x_dac.gcc.rsp
d:\stm32 project\温控srtp\温控srtp\visualgdb\debug\stm32f10x_dbgmcu.gcc.rsp
d:\stm32 project\温控srtp\温控srtp\visualgdb\debug\stm32f10x_dma.gcc.rsp
d:\stm32 project\温控srtp\温控srtp\visualgdb\debug\stm32f10x_exti.gcc.rsp
d:\stm32 project\温控srtp\温控srtp\visualgdb\debug\stm32f10x_flash.gcc.rsp
d:\stm32 project\温控srtp\温控srtp\visualgdb\debug\stm32f10x_fsmc.gcc.rsp
d:\stm32 project\温控srtp\温控srtp\visualgdb\debug\stm32f10x_gpio.gcc.rsp
d:\stm32 project\温控srtp\温控srtp\visualgdb\debug\stm32f10x_i2c.gcc.rsp
d:\stm32 project\温控srtp\温控srtp\visualgdb\debug\stm32f10x_iwdg.gcc.rsp
d:\stm32 project\温控srtp\温控srtp\visualgdb\debug\stm32f10x_pwr.gcc.rsp
d:\stm32 project\温控srtp\温控srtp\visualgdb\debug\stm32f10x_rcc.gcc.rsp
d:\stm32 project\温控srtp\温控srtp\visualgdb\debug\stm32f10x_rtc.gcc.rsp
d:\stm32 project\温控srtp\温控srtp\visualgdb\debug\stm32f10x_sdio.gcc.rsp
d:\stm32 project\温控srtp\温控srtp\visualgdb\debug\stm32f10x_spi.gcc.rsp
d:\stm32 project\温控srtp\温控srtp\visualgdb\debug\stm32f10x_tim.gcc.rsp
d:\stm32 project\温控srtp\温控srtp\visualgdb\debug\stm32f10x_usart.gcc.rsp
d:\stm32 project\温控srtp\温控srtp\visualgdb\debug\stm32f10x_wwdg.gcc.rsp
d:\stm32 project\温控srtp\温控srtp\visualgdb\debug\system_stm32f10x.gcc.rsp
d:\stm32 project\温控srtp\温控srtp\visualgdb\debug\温控srtp.alldeps
