d:\stm32 project\led\led\visualgdb\debug\ledblink.o
d:\stm32 project\led\led\visualgdb\debug\misc.o
d:\stm32 project\led\led\visualgdb\debug\startup_stm32f407xx.o
d:\stm32 project\led\led\visualgdb\debug\stm32f4xx_adc.o
d:\stm32 project\led\led\visualgdb\debug\system_stm32f4xx.o
d:\stm32 project\led\led\visualgdb\debug\usart.o
d:\stm32 project\led\led\visualgdb\debug\ledblink.dep
d:\stm32 project\led\led\visualgdb\debug\misc.dep
d:\stm32 project\led\led\visualgdb\debug\startup_stm32f407xx.dep
d:\stm32 project\led\led\visualgdb\debug\stm32f4xx_adc.dep
d:\stm32 project\led\led\visualgdb\debug\system_stm32f4xx.dep
d:\stm32 project\led\led\visualgdb\debug\usart.dep
d:\stm32 project\led\led\visualgdb\debug\delay.gcc.rsp
d:\stm32 project\led\led\visualgdb\debug\ledblink.gcc.rsp
d:\stm32 project\led\led\visualgdb\debug\misc.gcc.rsp
d:\stm32 project\led\led\visualgdb\debug\startup_stm32f407xx.gcc.rsp
d:\stm32 project\led\led\visualgdb\debug\stm32f4xx_adc.gcc.rsp
d:\stm32 project\led\led\visualgdb\debug\stm32f4xx_can.gcc.rsp
d:\stm32 project\led\led\visualgdb\debug\stm32f4xx_cec.gcc.rsp
d:\stm32 project\led\led\visualgdb\debug\stm32f4xx_crc.gcc.rsp
d:\stm32 project\led\led\visualgdb\debug\stm32f4xx_cryp.gcc.rsp
d:\stm32 project\led\led\visualgdb\debug\stm32f4xx_cryp_aes.gcc.rsp
d:\stm32 project\led\led\visualgdb\debug\stm32f4xx_cryp_des.gcc.rsp
d:\stm32 project\led\led\visualgdb\debug\stm32f4xx_cryp_tdes.gcc.rsp
d:\stm32 project\led\led\visualgdb\debug\stm32f4xx_dac.gcc.rsp
d:\stm32 project\led\led\visualgdb\debug\stm32f4xx_dbgmcu.gcc.rsp
d:\stm32 project\led\led\visualgdb\debug\stm32f4xx_dcmi.gcc.rsp
d:\stm32 project\led\led\visualgdb\debug\stm32f4xx_dfsdm.gcc.rsp
d:\stm32 project\led\led\visualgdb\debug\stm32f4xx_dma.gcc.rsp
d:\stm32 project\led\led\visualgdb\debug\stm32f4xx_dma2d.gcc.rsp
d:\stm32 project\led\led\visualgdb\debug\stm32f4xx_dsi.gcc.rsp
d:\stm32 project\led\led\visualgdb\debug\stm32f4xx_exti.gcc.rsp
d:\stm32 project\led\led\visualgdb\debug\stm32f4xx_flash.gcc.rsp
d:\stm32 project\led\led\visualgdb\debug\stm32f4xx_flash_ramfunc.gcc.rsp
d:\stm32 project\led\led\visualgdb\debug\stm32f4xx_fmpi2c.gcc.rsp
d:\stm32 project\led\led\visualgdb\debug\stm32f4xx_fsmc.gcc.rsp
d:\stm32 project\led\led\visualgdb\debug\stm32f4xx_gpio.gcc.rsp
d:\stm32 project\led\led\visualgdb\debug\stm32f4xx_hash.gcc.rsp
d:\stm32 project\led\led\visualgdb\debug\stm32f4xx_hash_md5.gcc.rsp
d:\stm32 project\led\led\visualgdb\debug\stm32f4xx_hash_sha1.gcc.rsp
d:\stm32 project\led\led\visualgdb\debug\stm32f4xx_i2c.gcc.rsp
d:\stm32 project\led\led\visualgdb\debug\stm32f4xx_iwdg.gcc.rsp
d:\stm32 project\led\led\visualgdb\debug\stm32f4xx_lptim.gcc.rsp
d:\stm32 project\led\led\visualgdb\debug\stm32f4xx_ltdc.gcc.rsp
d:\stm32 project\led\led\visualgdb\debug\stm32f4xx_pwr.gcc.rsp
d:\stm32 project\led\led\visualgdb\debug\stm32f4xx_qspi.gcc.rsp
d:\stm32 project\led\led\visualgdb\debug\stm32f4xx_rcc.gcc.rsp
d:\stm32 project\led\led\visualgdb\debug\stm32f4xx_rng.gcc.rsp
d:\stm32 project\led\led\visualgdb\debug\stm32f4xx_rtc.gcc.rsp
d:\stm32 project\led\led\visualgdb\debug\stm32f4xx_sai.gcc.rsp
d:\stm32 project\led\led\visualgdb\debug\stm32f4xx_sdio.gcc.rsp
d:\stm32 project\led\led\visualgdb\debug\stm32f4xx_spdifrx.gcc.rsp
d:\stm32 project\led\led\visualgdb\debug\stm32f4xx_spi.gcc.rsp
d:\stm32 project\led\led\visualgdb\debug\stm32f4xx_syscfg.gcc.rsp
d:\stm32 project\led\led\visualgdb\debug\stm32f4xx_tim.gcc.rsp
d:\stm32 project\led\led\visualgdb\debug\stm32f4xx_usart.gcc.rsp
d:\stm32 project\led\led\visualgdb\debug\stm32f4xx_wwdg.gcc.rsp
d:\stm32 project\led\led\visualgdb\debug\sys.gcc.rsp
d:\stm32 project\led\led\visualgdb\debug\system_stm32f4xx.gcc.rsp
d:\stm32 project\led\led\visualgdb\debug\usart.gcc.rsp
d:\stm32 project\led\led\visualgdb\debug\led.alldeps
