d:\stm32 project\led 工程模板\visualgdb\debug\led 宸ョ▼妯℃澘
d:\stm32 project\led 工程模板\visualgdb\debug\led 工程模板.link.rsp
d:\stm32 project\led 工程模板\visualgdb\debug\led 工程模板.mkbin.rsp
d:\stm32 project\led 工程模板\led 工程模板\visualgdb\debug\delay.o
d:\stm32 project\led 工程模板\led 工程模板\visualgdb\debug\ledblink.o
d:\stm32 project\led 工程模板\led 工程模板\visualgdb\debug\misc.o
d:\stm32 project\led 工程模板\led 工程模板\visualgdb\debug\startup_stm32f407xx.o
d:\stm32 project\led 工程模板\led 工程模板\visualgdb\debug\stm32f4xx_adc.o
d:\stm32 project\led 工程模板\led 工程模板\visualgdb\debug\stm32f4xx_can.o
d:\stm32 project\led 工程模板\led 工程模板\visualgdb\debug\stm32f4xx_cec.o
d:\stm32 project\led 工程模板\led 工程模板\visualgdb\debug\stm32f4xx_crc.o
d:\stm32 project\led 工程模板\led 工程模板\visualgdb\debug\stm32f4xx_cryp.o
d:\stm32 project\led 工程模板\led 工程模板\visualgdb\debug\stm32f4xx_cryp_aes.o
d:\stm32 project\led 工程模板\led 工程模板\visualgdb\debug\stm32f4xx_cryp_des.o
d:\stm32 project\led 工程模板\led 工程模板\visualgdb\debug\stm32f4xx_cryp_tdes.o
d:\stm32 project\led 工程模板\led 工程模板\visualgdb\debug\stm32f4xx_dac.o
d:\stm32 project\led 工程模板\led 工程模板\visualgdb\debug\stm32f4xx_dbgmcu.o
d:\stm32 project\led 工程模板\led 工程模板\visualgdb\debug\stm32f4xx_dcmi.o
d:\stm32 project\led 工程模板\led 工程模板\visualgdb\debug\stm32f4xx_dfsdm.o
d:\stm32 project\led 工程模板\led 工程模板\visualgdb\debug\stm32f4xx_dma.o
d:\stm32 project\led 工程模板\led 工程模板\visualgdb\debug\stm32f4xx_dma2d.o
d:\stm32 project\led 工程模板\led 工程模板\visualgdb\debug\stm32f4xx_dsi.o
d:\stm32 project\led 工程模板\led 工程模板\visualgdb\debug\stm32f4xx_exti.o
d:\stm32 project\led 工程模板\led 工程模板\visualgdb\debug\stm32f4xx_flash.o
d:\stm32 project\led 工程模板\led 工程模板\visualgdb\debug\stm32f4xx_flash_ramfunc.o
d:\stm32 project\led 工程模板\led 工程模板\visualgdb\debug\stm32f4xx_fmpi2c.o
d:\stm32 project\led 工程模板\led 工程模板\visualgdb\debug\stm32f4xx_fsmc.o
d:\stm32 project\led 工程模板\led 工程模板\visualgdb\debug\stm32f4xx_gpio.o
d:\stm32 project\led 工程模板\led 工程模板\visualgdb\debug\stm32f4xx_hash.o
d:\stm32 project\led 工程模板\led 工程模板\visualgdb\debug\stm32f4xx_hash_md5.o
d:\stm32 project\led 工程模板\led 工程模板\visualgdb\debug\stm32f4xx_hash_sha1.o
d:\stm32 project\led 工程模板\led 工程模板\visualgdb\debug\stm32f4xx_i2c.o
d:\stm32 project\led 工程模板\led 工程模板\visualgdb\debug\stm32f4xx_iwdg.o
d:\stm32 project\led 工程模板\led 工程模板\visualgdb\debug\stm32f4xx_lptim.o
d:\stm32 project\led 工程模板\led 工程模板\visualgdb\debug\stm32f4xx_ltdc.o
d:\stm32 project\led 工程模板\led 工程模板\visualgdb\debug\stm32f4xx_pwr.o
d:\stm32 project\led 工程模板\led 工程模板\visualgdb\debug\stm32f4xx_qspi.o
d:\stm32 project\led 工程模板\led 工程模板\visualgdb\debug\stm32f4xx_rcc.o
d:\stm32 project\led 工程模板\led 工程模板\visualgdb\debug\stm32f4xx_rng.o
d:\stm32 project\led 工程模板\led 工程模板\visualgdb\debug\stm32f4xx_rtc.o
d:\stm32 project\led 工程模板\led 工程模板\visualgdb\debug\stm32f4xx_sai.o
d:\stm32 project\led 工程模板\led 工程模板\visualgdb\debug\stm32f4xx_sdio.o
d:\stm32 project\led 工程模板\led 工程模板\visualgdb\debug\stm32f4xx_spdifrx.o
d:\stm32 project\led 工程模板\led 工程模板\visualgdb\debug\stm32f4xx_spi.o
d:\stm32 project\led 工程模板\led 工程模板\visualgdb\debug\stm32f4xx_syscfg.o
d:\stm32 project\led 工程模板\led 工程模板\visualgdb\debug\stm32f4xx_tim.o
d:\stm32 project\led 工程模板\led 工程模板\visualgdb\debug\stm32f4xx_usart.o
d:\stm32 project\led 工程模板\led 工程模板\visualgdb\debug\stm32f4xx_wwdg.o
d:\stm32 project\led 工程模板\led 工程模板\visualgdb\debug\system_stm32f4xx.o
d:\stm32 project\led 工程模板\led 工程模板\visualgdb\debug\delay.dep
d:\stm32 project\led 工程模板\led 工程模板\visualgdb\debug\ledblink.dep
d:\stm32 project\led 工程模板\led 工程模板\visualgdb\debug\misc.dep
d:\stm32 project\led 工程模板\led 工程模板\visualgdb\debug\startup_stm32f407xx.dep
d:\stm32 project\led 工程模板\led 工程模板\visualgdb\debug\stm32f4xx_adc.dep
d:\stm32 project\led 工程模板\led 工程模板\visualgdb\debug\stm32f4xx_can.dep
d:\stm32 project\led 工程模板\led 工程模板\visualgdb\debug\stm32f4xx_cec.dep
d:\stm32 project\led 工程模板\led 工程模板\visualgdb\debug\stm32f4xx_crc.dep
d:\stm32 project\led 工程模板\led 工程模板\visualgdb\debug\stm32f4xx_cryp.dep
d:\stm32 project\led 工程模板\led 工程模板\visualgdb\debug\stm32f4xx_cryp_aes.dep
d:\stm32 project\led 工程模板\led 工程模板\visualgdb\debug\stm32f4xx_cryp_des.dep
d:\stm32 project\led 工程模板\led 工程模板\visualgdb\debug\stm32f4xx_cryp_tdes.dep
d:\stm32 project\led 工程模板\led 工程模板\visualgdb\debug\stm32f4xx_dac.dep
d:\stm32 project\led 工程模板\led 工程模板\visualgdb\debug\stm32f4xx_dbgmcu.dep
d:\stm32 project\led 工程模板\led 工程模板\visualgdb\debug\stm32f4xx_dcmi.dep
d:\stm32 project\led 工程模板\led 工程模板\visualgdb\debug\stm32f4xx_dfsdm.dep
d:\stm32 project\led 工程模板\led 工程模板\visualgdb\debug\stm32f4xx_dma.dep
d:\stm32 project\led 工程模板\led 工程模板\visualgdb\debug\stm32f4xx_dma2d.dep
d:\stm32 project\led 工程模板\led 工程模板\visualgdb\debug\stm32f4xx_dsi.dep
d:\stm32 project\led 工程模板\led 工程模板\visualgdb\debug\stm32f4xx_exti.dep
d:\stm32 project\led 工程模板\led 工程模板\visualgdb\debug\stm32f4xx_flash.dep
d:\stm32 project\led 工程模板\led 工程模板\visualgdb\debug\stm32f4xx_flash_ramfunc.dep
d:\stm32 project\led 工程模板\led 工程模板\visualgdb\debug\stm32f4xx_fmpi2c.dep
d:\stm32 project\led 工程模板\led 工程模板\visualgdb\debug\stm32f4xx_fsmc.dep
d:\stm32 project\led 工程模板\led 工程模板\visualgdb\debug\stm32f4xx_gpio.dep
d:\stm32 project\led 工程模板\led 工程模板\visualgdb\debug\stm32f4xx_hash.dep
d:\stm32 project\led 工程模板\led 工程模板\visualgdb\debug\stm32f4xx_hash_md5.dep
d:\stm32 project\led 工程模板\led 工程模板\visualgdb\debug\stm32f4xx_hash_sha1.dep
d:\stm32 project\led 工程模板\led 工程模板\visualgdb\debug\stm32f4xx_i2c.dep
d:\stm32 project\led 工程模板\led 工程模板\visualgdb\debug\stm32f4xx_iwdg.dep
d:\stm32 project\led 工程模板\led 工程模板\visualgdb\debug\stm32f4xx_lptim.dep
d:\stm32 project\led 工程模板\led 工程模板\visualgdb\debug\stm32f4xx_ltdc.dep
d:\stm32 project\led 工程模板\led 工程模板\visualgdb\debug\stm32f4xx_pwr.dep
d:\stm32 project\led 工程模板\led 工程模板\visualgdb\debug\stm32f4xx_qspi.dep
d:\stm32 project\led 工程模板\led 工程模板\visualgdb\debug\stm32f4xx_rcc.dep
d:\stm32 project\led 工程模板\led 工程模板\visualgdb\debug\stm32f4xx_rng.dep
d:\stm32 project\led 工程模板\led 工程模板\visualgdb\debug\stm32f4xx_rtc.dep
d:\stm32 project\led 工程模板\led 工程模板\visualgdb\debug\stm32f4xx_sai.dep
d:\stm32 project\led 工程模板\led 工程模板\visualgdb\debug\stm32f4xx_sdio.dep
d:\stm32 project\led 工程模板\led 工程模板\visualgdb\debug\stm32f4xx_spdifrx.dep
d:\stm32 project\led 工程模板\led 工程模板\visualgdb\debug\stm32f4xx_spi.dep
d:\stm32 project\led 工程模板\led 工程模板\visualgdb\debug\stm32f4xx_syscfg.dep
d:\stm32 project\led 工程模板\led 工程模板\visualgdb\debug\stm32f4xx_tim.dep
d:\stm32 project\led 工程模板\led 工程模板\visualgdb\debug\stm32f4xx_usart.dep
d:\stm32 project\led 工程模板\led 工程模板\visualgdb\debug\stm32f4xx_wwdg.dep
d:\stm32 project\led 工程模板\led 工程模板\visualgdb\debug\system_stm32f4xx.dep
d:\stm32 project\led 工程模板\led 工程模板\visualgdb\debug\delay.gcc.rsp
d:\stm32 project\led 工程模板\led 工程模板\visualgdb\debug\ledblink.gcc.rsp
d:\stm32 project\led 工程模板\led 工程模板\visualgdb\debug\misc.gcc.rsp
d:\stm32 project\led 工程模板\led 工程模板\visualgdb\debug\startup_stm32f407xx.gcc.rsp
d:\stm32 project\led 工程模板\led 工程模板\visualgdb\debug\stm32f4xx_adc.gcc.rsp
d:\stm32 project\led 工程模板\led 工程模板\visualgdb\debug\stm32f4xx_can.gcc.rsp
d:\stm32 project\led 工程模板\led 工程模板\visualgdb\debug\stm32f4xx_cec.gcc.rsp
d:\stm32 project\led 工程模板\led 工程模板\visualgdb\debug\stm32f4xx_crc.gcc.rsp
d:\stm32 project\led 工程模板\led 工程模板\visualgdb\debug\stm32f4xx_cryp.gcc.rsp
d:\stm32 project\led 工程模板\led 工程模板\visualgdb\debug\stm32f4xx_cryp_aes.gcc.rsp
d:\stm32 project\led 工程模板\led 工程模板\visualgdb\debug\stm32f4xx_cryp_des.gcc.rsp
d:\stm32 project\led 工程模板\led 工程模板\visualgdb\debug\stm32f4xx_cryp_tdes.gcc.rsp
d:\stm32 project\led 工程模板\led 工程模板\visualgdb\debug\stm32f4xx_dac.gcc.rsp
d:\stm32 project\led 工程模板\led 工程模板\visualgdb\debug\stm32f4xx_dbgmcu.gcc.rsp
d:\stm32 project\led 工程模板\led 工程模板\visualgdb\debug\stm32f4xx_dcmi.gcc.rsp
d:\stm32 project\led 工程模板\led 工程模板\visualgdb\debug\stm32f4xx_dfsdm.gcc.rsp
d:\stm32 project\led 工程模板\led 工程模板\visualgdb\debug\stm32f4xx_dma.gcc.rsp
d:\stm32 project\led 工程模板\led 工程模板\visualgdb\debug\stm32f4xx_dma2d.gcc.rsp
d:\stm32 project\led 工程模板\led 工程模板\visualgdb\debug\stm32f4xx_dsi.gcc.rsp
d:\stm32 project\led 工程模板\led 工程模板\visualgdb\debug\stm32f4xx_exti.gcc.rsp
d:\stm32 project\led 工程模板\led 工程模板\visualgdb\debug\stm32f4xx_flash.gcc.rsp
d:\stm32 project\led 工程模板\led 工程模板\visualgdb\debug\stm32f4xx_flash_ramfunc.gcc.rsp
d:\stm32 project\led 工程模板\led 工程模板\visualgdb\debug\stm32f4xx_fmpi2c.gcc.rsp
d:\stm32 project\led 工程模板\led 工程模板\visualgdb\debug\stm32f4xx_fsmc.gcc.rsp
d:\stm32 project\led 工程模板\led 工程模板\visualgdb\debug\stm32f4xx_gpio.gcc.rsp
d:\stm32 project\led 工程模板\led 工程模板\visualgdb\debug\stm32f4xx_hash.gcc.rsp
d:\stm32 project\led 工程模板\led 工程模板\visualgdb\debug\stm32f4xx_hash_md5.gcc.rsp
d:\stm32 project\led 工程模板\led 工程模板\visualgdb\debug\stm32f4xx_hash_sha1.gcc.rsp
d:\stm32 project\led 工程模板\led 工程模板\visualgdb\debug\stm32f4xx_i2c.gcc.rsp
d:\stm32 project\led 工程模板\led 工程模板\visualgdb\debug\stm32f4xx_iwdg.gcc.rsp
d:\stm32 project\led 工程模板\led 工程模板\visualgdb\debug\stm32f4xx_lptim.gcc.rsp
d:\stm32 project\led 工程模板\led 工程模板\visualgdb\debug\stm32f4xx_ltdc.gcc.rsp
d:\stm32 project\led 工程模板\led 工程模板\visualgdb\debug\stm32f4xx_pwr.gcc.rsp
d:\stm32 project\led 工程模板\led 工程模板\visualgdb\debug\stm32f4xx_qspi.gcc.rsp
d:\stm32 project\led 工程模板\led 工程模板\visualgdb\debug\stm32f4xx_rcc.gcc.rsp
d:\stm32 project\led 工程模板\led 工程模板\visualgdb\debug\stm32f4xx_rng.gcc.rsp
d:\stm32 project\led 工程模板\led 工程模板\visualgdb\debug\stm32f4xx_rtc.gcc.rsp
d:\stm32 project\led 工程模板\led 工程模板\visualgdb\debug\stm32f4xx_sai.gcc.rsp
d:\stm32 project\led 工程模板\led 工程模板\visualgdb\debug\stm32f4xx_sdio.gcc.rsp
d:\stm32 project\led 工程模板\led 工程模板\visualgdb\debug\stm32f4xx_spdifrx.gcc.rsp
d:\stm32 project\led 工程模板\led 工程模板\visualgdb\debug\stm32f4xx_spi.gcc.rsp
d:\stm32 project\led 工程模板\led 工程模板\visualgdb\debug\stm32f4xx_syscfg.gcc.rsp
d:\stm32 project\led 工程模板\led 工程模板\visualgdb\debug\stm32f4xx_tim.gcc.rsp
d:\stm32 project\led 工程模板\led 工程模板\visualgdb\debug\stm32f4xx_usart.gcc.rsp
d:\stm32 project\led 工程模板\led 工程模板\visualgdb\debug\stm32f4xx_wwdg.gcc.rsp
d:\stm32 project\led 工程模板\led 工程模板\visualgdb\debug\system_stm32f4xx.gcc.rsp
d:\stm32 project\led 工程模板\led 工程模板\visualgdb\debug\led 工程模板.alldeps
